Arguments: 
  /Users/richarddennis/.nvm/versions/node/v9.4.0/bin/node /usr/local/Cellar/yarn/1.6.0/libexec/bin/yarn.js add graphql-yoga

PATH: 
  /Users/richarddennis/.nvm/versions/node/v9.4.0/bin:/Users/richarddennis/bin:/usr/local/bin:/usr/local/bin:/usr/bin:/bin:/usr/sbin:/sbin

Yarn version: 
  1.6.0

Node version: 
  9.4.0

Platform: 
  darwin x64

Trace: 
  Error: connect ECONNREFUSED 92.242.132.15:443
      at Object._errnoException (util.js:1003:13)
      at _exceptionWithHostPort (util.js:1024:20)
      at TCPConnectWrap.afterConnect [as oncomplete] (net.js:1194:14)

npm manifest: 
  {
    "name": "hackernews-node",
    "version": "1.0.0",
    "main": "index.js",
    "license": "MIT"
  }

yarn manifest: 
  No manifest

Lockfile: 
  No lockfile
